# JRE version: Java(TM) SE Runtime Environment (8.0_144-b01) (build 1.8.0_144-b01)
# Java VM: Java HotSpot(TM) 64-Bit Server VM (25.144-b01 mixed mode windows-amd64 compressed oops)
Heap:
 PSYoungGen      total 411136K, used 0K [0x00000000d6100000, 0x00000000f5080000, 0x0000000100000000)
  eden space 406016K, 0% used [0x00000000d6100000,0x00000000d6100000,0x00000000eed80000)
  from space 5120K, 0% used [0x00000000f1080000,0x00000000f1080000,0x00000000f1580000)
  to   space 35840K, 0% used [0x00000000eed80000,0x00000000eed80000,0x00000000f1080000)
 ParOldGen       total 928768K, used 738670K [0x0000000082200000, 0x00000000bef00000, 0x00000000d6100000)
  object space 928768K, 79% used [0x0000000082200000,0x00000000af35bbe0,0x00000000bad00000)
 Metaspace       used 3334K, capacity 4562K, committed 4864K, reserved 1056768K
  class space    used 383K, capacity 386K, committed 512K, reserved 1048576K
GC Heap History (10 events):
Event: 0.399 GC heap after
Heap after GC invocations=11 (full 5):
 PSYoungGen      total 235008K, used 0K [0x00000000d6100000, 0x00000000e4e00000, 0x0000000100000000)
  eden space 229888K, 0% used [0x00000000d6100000,0x00000000d6100000,0x00000000e4180000)
  from space 5120K, 0% used [0x00000000e4680000,0x00000000e4680000,0x00000000e4b80000)
  to   space 5120K, 0% used [0x00000000e4180000,0x00000000e4180000,0x00000000e4680000)
 ParOldGen       total 635392K, used 439619K [0x0000000082200000, 0x00000000a8e80000, 0x00000000d6100000)
  object space 635392K, 69% used [0x0000000082200000,0x000000009cf50ce8,0x00000000a8e80000)
 Metaspace       used 2560K, capacity 4498K, committed 4864K, reserved 1056768K
  class space    used 286K, capacity 386K, committed 512K, reserved 1048576K
}
Event: 0.447 GC heap before
{Heap before GC invocations=12 (full 5):
 PSYoungGen      total 235008K, used 229498K [0x00000000d6100000, 0x00000000e4e00000, 0x0000000100000000)
  eden space 229888K, 99% used [0x00000000d6100000,0x00000000e411e818,0x00000000e4180000)
  from space 5120K, 0% used [0x00000000e4680000,0x00000000e4680000,0x00000000e4b80000)
  to   space 5120K, 0% used [0x00000000e4180000,0x00000000e4180000,0x00000000e4680000)
 ParOldGen       total 635392K, used 439619K [0x0000000082200000, 0x00000000a8e80000, 0x00000000d6100000)
  object space 635392K, 69% used [0x0000000082200000,0x000000009cf50ce8,0x00000000a8e80000)
 Metaspace       used 2560K, capacity 4498K, committed 4864K, reserved 1056768K
  class space    used 286K, capacity 386K, committed 512K, reserved 1048576K
Event: 1.116 GC heap after
Heap after GC invocations=12 (full 5):
 PSYoungGen      total 235008K, used 5078K [0x00000000d6100000, 0x00000000f1580000, 0x0000000100000000)
  eden space 229888K, 0% used [0x00000000d6100000,0x00000000d6100000,0x00000000e4180000)
  from space 5120K, 99% used [0x00000000e4180000,0x00000000e4675950,0x00000000e4680000)
  to   space 5120K, 0% used [0x00000000f1080000,0x00000000f1080000,0x00000000f1580000)
 ParOldGen       total 664064K, used 663846K [0x0000000082200000, 0x00000000aaa80000, 0x00000000d6100000)
  object space 664064K, 99% used [0x0000000082200000,0x00000000aaa49bc8,0x00000000aaa80000)
 Metaspace       used 2560K, capacity 4498K, committed 4864K, reserved 1056768K
  class space    used 286K, capacity 386K, committed 512K, reserved 1048576K
}
Event: 1.116 GC heap before
{Heap before GC invocations=13 (full 6):
 PSYoungGen      total 235008K, used 5078K [0x00000000d6100000, 0x00000000f1580000, 0x0000000100000000)
  eden space 229888K, 0% used [0x00000000d6100000,0x00000000d6100000,0x00000000e4180000)
  from space 5120K, 99% used [0x00000000e4180000,0x00000000e4675950,0x00000000e4680000)
  to   space 5120K, 0% used [0x00000000f1080000,0x00000000f1080000,0x00000000f1580000)
 ParOldGen       total 664064K, used 663846K [0x0000000082200000, 0x00000000aaa80000, 0x00000000d6100000)
  object space 664064K, 99% used [0x0000000082200000,0x00000000aaa49bc8,0x00000000aaa80000)
 Metaspace       used 2560K, capacity 4498K, committed 4864K, reserved 1056768K
  class space    used 286K, capacity 386K, committed 512K, reserved 1048576K
Event: 1.127 GC heap after
Heap after GC invocations=13 (full 6):
 PSYoungGen      total 235008K, used 5078K [0x00000000d6100000, 0x00000000f1580000, 0x0000000100000000)
  eden space 229888K, 0% used [0x00000000d6100000,0x00000000d6100000,0x00000000e4180000)
  from space 5120K, 99% used [0x00000000e4180000,0x00000000e4675950,0x00000000e4680000)
  to   space 5120K, 0% used [0x00000000f1080000,0x00000000f1080000,0x00000000f1580000)
 ParOldGen       total 928768K, used 663846K [0x0000000082200000, 0x00000000bad00000, 0x00000000d6100000)
  object space 928768K, 71% used [0x0000000082200000,0x00000000aaa49bc8,0x00000000bad00000)
 Metaspace       used 2560K, capacity 4498K, committed 4864K, reserved 1056768K
  class space    used 286K, capacity 386K, committed 512K, reserved 1048576K
}
Event: 4.293 GC heap before
{Heap before GC invocations=14 (full 6):
 PSYoungGen      total 235008K, used 234966K [0x00000000d6100000, 0x00000000f1580000, 0x0000000100000000)
  eden space 229888K, 100% used [0x00000000d6100000,0x00000000e4180000,0x00000000e4180000)
  from space 5120K, 99% used [0x00000000e4180000,0x00000000e4675950,0x00000000e4680000)
  to   space 5120K, 0% used [0x00000000f1080000,0x00000000f1080000,0x00000000f1580000)
 ParOldGen       total 928768K, used 663846K [0x0000000082200000, 0x00000000bad00000, 0x00000000d6100000)
  object space 928768K, 71% used [0x0000000082200000,0x00000000aaa49bc8,0x00000000bad00000)
 Metaspace       used 3334K, capacity 4562K, committed 4864K, reserved 1056768K
  class space    used 383K, capacity 386K, committed 512K, reserved 1048576K
Event: 4.326 GC heap after
Heap after GC invocations=14 (full 6):
 PSYoungGen      total 411136K, used 5119K [0x00000000d6100000, 0x00000000f5080000, 0x0000000100000000)
  eden space 406016K, 0% used [0x00000000d6100000,0x00000000d6100000,0x00000000eed80000)
  from space 5120K, 99% used [0x00000000f1080000,0x00000000f157fef0,0x00000000f1580000)
  to   space 35840K, 0% used [0x00000000eed80000,0x00000000eed80000,0x00000000f1080000)
 ParOldGen       total 928768K, used 733666K [0x0000000082200000, 0x00000000bad00000, 0x00000000d6100000)
  object space 928768K, 78% used [0x0000000082200000,0x00000000aee78b48,0x00000000bad00000)
 Metaspace       used 3334K, capacity 4562K, committed 4864K, reserved 1056768K
  class space    used 383K, capacity 386K, committed 512K, reserved 1048576K
}
Event: 4.326 GC heap before
{Heap before GC invocations=15 (full 7):
 PSYoungGen      total 411136K, used 5119K [0x00000000d6100000, 0x00000000f5080000, 0x0000000100000000)
  eden space 406016K, 0% used [0x00000000d6100000,0x00000000d6100000,0x00000000eed80000)
  from space 5120K, 99% used [0x00000000f1080000,0x00000000f157fef0,0x00000000f1580000)
  to   space 35840K, 0% used [0x00000000eed80000,0x00000000eed80000,0x00000000f1080000)
 ParOldGen       total 928768K, used 733666K [0x0000000082200000, 0x00000000bad00000, 0x00000000d6100000)
  object space 928768K, 78% used [0x0000000082200000,0x00000000aee78b48,0x00000000bad00000)
 Metaspace       used 3334K, capacity 4562K, committed 4864K, reserved 1056768K
  class space    used 383K, capacity 386K, committed 512K, reserved 1048576K
Event: 4.373 GC heap after
Heap after GC invocations=15 (full 7):
 PSYoungGen      total 411136K, used 0K [0x00000000d6100000, 0x00000000f5080000, 0x0000000100000000)
  eden space 406016K, 0% used [0x00000000d6100000,0x00000000d6100000,0x00000000eed80000)
  from space 5120K, 0% used [0x00000000f1080000,0x00000000f1080000,0x00000000f1580000)
  to   space 35840K, 0% used [0x00000000eed80000,0x00000000eed80000,0x00000000f1080000)
 ParOldGen       total 928768K, used 738681K [0x0000000082200000, 0x00000000bad00000, 0x00000000d6100000)
  object space 928768K, 79% used [0x0000000082200000,0x00000000af35e670,0x00000000bad00000)
 Metaspace       used 3334K, capacity 4562K, committed 4864K, reserved 1056768K
  class space    used 383K, capacity 386K, committed 512K, reserved 1048576K
}
Event: 4.756 GC heap before
{Heap before GC invocations=16 (full 8):
 PSYoungGen      total 411136K, used 406016K [0x00000000d6100000, 0x00000000f5080000, 0x0000000100000000)
  eden space 406016K, 100% used [0x00000000d6100000,0x00000000eed80000,0x00000000eed80000)
  from space 5120K, 0% used [0x00000000f1080000,0x00000000f1080000,0x00000000f1580000)
  to   space 35840K, 0% used [0x00000000eed80000,0x00000000eed80000,0x00000000f1080000)
 ParOldGen       total 928768K, used 738681K [0x0000000082200000, 0x00000000bad00000, 0x00000000d6100000)
  object space 928768K, 79% used [0x0000000082200000,0x00000000af35e670,0x00000000bad00000)
 Metaspace       used 3334K, capacity 4562K, committed 4864K, reserved 1056768K
  class space    used 383K, capacity 386K, committed 512K, reserved 1048576K

